This is pdfTeX, Version 3.141592653-2.6-1.40.25 (MiKTeX 23.5) (preloaded format=pdflatex 2023.6.12)  23 JUN 2023 02:22
entering extended mode
 restricted \write18 enabled.
 file:line:error style messages enabled.
 %&-line parsing enabled.
**"c:/DESC DOCUMENTS/TESIS/LATEX/USIL TESIS VS/main.tex"
(c:/DESC DOCUMENTS/TESIS/LATEX/USIL TESIS VS/main.tex
LaTeX2e <2022-11-01> patch level 1
L3 programming layer <2023-05-15> (apa7th-TESIS-USIL.cls (C:\Users\LiFtD.DESKTOP-NJPM2BG\AppData\Local\Programs\MiKTeX\tex/latex/base\article.cls
Document Class: article 2022/07/02 v1.4n Standard LaTeX document class
(C:\Users\LiFtD.DESKTOP-NJPM2BG\AppData\Local\Programs\MiKTeX\tex/latex/base\size12.clo
File: size12.clo 2022/07/02 v1.4n Standard LaTeX file (size option)
)
\c@part=\count185
\c@section=\count186
\c@subsection=\count187
\c@subsubsection=\count188
\c@paragraph=\count189
\c@subparagraph=\count190
\c@figure=\count191
\c@table=\count192
\abovecaptionskip=\skip48
\belowcaptionskip=\skip49
\bibindent=\dimen140
) (C:\Users\LiFtD.DESKTOP-NJPM2BG\AppData\Local\Programs\MiKTeX\tex/latex/etoolbox\etoolbox.sty
Package: etoolbox 2020/10/05 v2.5k e-TeX tools for LaTeX (JAW)
\etb@tempcnta=\count193
)
Class apa7 Info: No bibliography package was specified; defaulting to (but not loading) Biblatex on input line 218.
 (C:\Users\LiFtD.DESKTOP-NJPM2BG\AppData\Local\Programs\MiKTeX\tex/latex/lm\lmodern.sty
Package: lmodern 2015/05/01 v1.6.1 Latin Modern Fonts
LaTeX Font Info:    Overwriting symbol font `operators' in version `normal'
(Font)                  OT1/cmr/m/n --> OT1/lmr/m/n on input line 22.
LaTeX Font Info:    Overwriting symbol font `letters' in version `normal'
(Font)                  OML/cmm/m/it --> OML/lmm/m/it on input line 23.
LaTeX Font Info:    Overwriting symbol font `symbols' in version `normal'
(Font)                  OMS/cmsy/m/n --> OMS/lmsy/m/n on input line 24.
LaTeX Font Info:    Overwriting symbol font `largesymbols' in version `normal'
(Font)                  OMX/cmex/m/n --> OMX/lmex/m/n on input line 25.
LaTeX Font Info:    Overwriting symbol font `operators' in version `bold'
(Font)                  OT1/cmr/bx/n --> OT1/lmr/bx/n on input line 26.
LaTeX Font Info:    Overwriting symbol font `letters' in version `bold'
(Font)                  OML/cmm/b/it --> OML/lmm/b/it on input line 27.
LaTeX Font Info:    Overwriting symbol font `symbols' in version `bold'
(Font)                  OMS/cmsy/b/n --> OMS/lmsy/b/n on input line 28.
LaTeX Font Info:    Overwriting symbol font `largesymbols' in version `bold'
(Font)                  OMX/cmex/m/n --> OMX/lmex/m/n on input line 29.
LaTeX Font Info:    Overwriting math alphabet `\mathbf' in version `normal'
(Font)                  OT1/cmr/bx/n --> OT1/lmr/bx/n on input line 31.
LaTeX Font Info:    Overwriting math alphabet `\mathsf' in version `normal'
(Font)                  OT1/cmss/m/n --> OT1/lmss/m/n on input line 32.
LaTeX Font Info:    Overwriting math alphabet `\mathit' in version `normal'
(Font)                  OT1/cmr/m/it --> OT1/lmr/m/it on input line 33.
LaTeX Font Info:    Overwriting math alphabet `\mathtt' in version `normal'
(Font)                  OT1/cmtt/m/n --> OT1/lmtt/m/n on input line 34.
LaTeX Font Info:    Overwriting math alphabet `\mathbf' in version `bold'
(Font)                  OT1/cmr/bx/n --> OT1/lmr/bx/n on input line 35.
LaTeX Font Info:    Overwriting math alphabet `\mathsf' in version `bold'
(Font)                  OT1/cmss/bx/n --> OT1/lmss/bx/n on input line 36.
LaTeX Font Info:    Overwriting math alphabet `\mathit' in version `bold'
(Font)                  OT1/cmr/bx/it --> OT1/lmr/bx/it on input line 37.
LaTeX Font Info:    Overwriting math alphabet `\mathtt' in version `bold'
(Font)                  OT1/cmtt/m/n --> OT1/lmtt/m/n on input line 38.
) (C:\Users\LiFtD.DESKTOP-NJPM2BG\AppData\Local\Programs\MiKTeX\tex/latex/base\fontenc.sty
Package: fontenc 2021/04/29 v2.0v Standard LaTeX package
LaTeX Font Info:    Trying to load font information for T1+lmr on input line 112.
 (C:\Users\LiFtD.DESKTOP-NJPM2BG\AppData\Local\Programs\MiKTeX\tex/latex/lm\t1lmr.fd
File: t1lmr.fd 2015/05/01 v1.6.1 Font defs for Latin Modern
)) (C:\Users\LiFtD.DESKTOP-NJPM2BG\AppData\Local\Programs\MiKTeX\tex/latex/draftwatermark\draftwatermark.sty
Package: draftwatermark 2020/12/08 3.0 Put a gray textual watermark on document pages
 (C:\Users\LiFtD.DESKTOP-NJPM2BG\AppData\Local\Programs\MiKTeX\tex/latex/kvoptions\kvoptions.sty
Package: kvoptions 2022-06-15 v3.15 Key value format for package options (HO)
 (C:\Users\LiFtD.DESKTOP-NJPM2BG\AppData\Local\Programs\MiKTeX\tex/latex/graphics\keyval.sty
Package: keyval 2022/05/29 v1.15 key=value parser (DPC)
\KV@toks@=\toks16
) (C:\Users\LiFtD.DESKTOP-NJPM2BG\AppData\Local\Programs\MiKTeX\tex/generic/ltxcmds\ltxcmds.sty
Package: ltxcmds 2020-05-10 v1.25 LaTeX kernel commands for general use (HO)
) (C:\Users\LiFtD.DESKTOP-NJPM2BG\AppData\Local\Programs\MiKTeX\tex/latex/kvsetkeys\kvsetkeys.sty
Package: kvsetkeys 2022-10-05 v1.19 Key value parser (HO)
)) (C:\Users\LiFtD.DESKTOP-NJPM2BG\AppData\Local\Programs\MiKTeX\tex/latex/graphics\graphicx.sty
Package: graphicx 2021/09/16 v1.2d Enhanced LaTeX Graphics (DPC,SPQR)
 (C:\Users\LiFtD.DESKTOP-NJPM2BG\AppData\Local\Programs\MiKTeX\tex/latex/graphics\graphics.sty
Package: graphics 2022/03/10 v1.4e Standard LaTeX Graphics (DPC,SPQR)
 (C:\Users\LiFtD.DESKTOP-NJPM2BG\AppData\Local\Programs\MiKTeX\tex/latex/graphics\trig.sty
Package: trig 2021/08/11 v1.11 sin cos tan (DPC)
) (C:\Users\LiFtD.DESKTOP-NJPM2BG\AppData\Local\Programs\MiKTeX\tex/latex/graphics-cfg\graphics.cfg
File: graphics.cfg 2016/06/04 v1.11 sample graphics configuration
)
Package graphics Info: Driver file: pdftex.def on input line 107.
 (C:\Users\LiFtD.DESKTOP-NJPM2BG\AppData\Local\Programs\MiKTeX\tex/latex/graphics-def\pdftex.def
File: pdftex.def 2022/09/22 v1.2b Graphics/color driver for pdftex
))
\Gin@req@height=\dimen141
\Gin@req@width=\dimen142
) (C:\Users\LiFtD.DESKTOP-NJPM2BG\AppData\Local\Programs\MiKTeX\tex/latex/graphics\color.sty
Package: color 2022/01/06 v1.3d Standard LaTeX Color (DPC)
 (C:\Users\LiFtD.DESKTOP-NJPM2BG\AppData\Local\Programs\MiKTeX\tex/latex/graphics-cfg\color.cfg
File: color.cfg 2016/01/02 v1.6 sample color configuration
)
Package color Info: Driver file: pdftex.def on input line 149.
 (C:\Users\LiFtD.DESKTOP-NJPM2BG\AppData\Local\Programs\MiKTeX\tex/latex/graphics\mathcolor.ltx))) (C:\Users\LiFtD.DESKTOP-NJPM2BG\AppData\Local\Programs\MiKTeX\tex/latex/geometry\geometry.sty
Package: geometry 2020/01/02 v5.9 Page Geometry
 (C:\Users\LiFtD.DESKTOP-NJPM2BG\AppData\Local\Programs\MiKTeX\tex/generic/iftex\ifvtex.sty
Package: ifvtex 2019/10/25 v1.7 ifvtex legacy package. Use iftex instead.
 (C:\Users\LiFtD.DESKTOP-NJPM2BG\AppData\Local\Programs\MiKTeX\tex/generic/iftex\iftex.sty
Package: iftex 2022/02/03 v1.0f TeX engine tests
))
\Gm@cnth=\count194
\Gm@cntv=\count195
\c@Gm@tempcnt=\count196
\Gm@bindingoffset=\dimen143
\Gm@wd@mp=\dimen144
\Gm@odd@mp=\dimen145
\Gm@even@mp=\dimen146
\Gm@layoutwidth=\dimen147
\Gm@layoutheight=\dimen148
\Gm@layouthoffset=\dimen149
\Gm@layoutvoffset=\dimen150
\Gm@dimlist=\toks17
 (C:\Users\LiFtD.DESKTOP-NJPM2BG\AppData\Local\Programs\MiKTeX\tex/latex/geometry\geometry.cfg)) (C:\Users\LiFtD.DESKTOP-NJPM2BG\AppData\Local\Programs\MiKTeX\tex/latex/scalerel\scalerel.sty
Package: scalerel 2016/12/29 v1.8 Routines for constrained scaling and stretching of objects, relative to a reference object or in absolute terms
 (C:\Users\LiFtD.DESKTOP-NJPM2BG\AppData\Local\Programs\MiKTeX\tex/latex/tools\calc.sty
Package: calc 2017/05/25 v4.3 Infix arithmetic (KKT,FJ)
\calc@Acount=\count197
\calc@Bcount=\count198
\calc@Adimen=\dimen151
\calc@Bdimen=\dimen152
\calc@Askip=\skip50
\calc@Bskip=\skip51
LaTeX Info: Redefining \setlength on input line 80.
LaTeX Info: Redefining \addtolength on input line 81.
\calc@Ccount=\count199
\calc@Cskip=\skip52
)
\thesrwidth=\skip53
\thesrheight=\skip54
\srblobheight=\skip55
\srblobdepth=\skip56
\mnxsrwidth=\skip57
\LMex=\skip58
\LMpt=\skip59
) (C:\Users\LiFtD.DESKTOP-NJPM2BG\AppData\Local\Programs\MiKTeX\tex/latex/pgf/frontendlayer\tikz.sty (C:\Users\LiFtD.DESKTOP-NJPM2BG\AppData\Local\Programs\MiKTeX\tex/latex/pgf/basiclayer\pgf.sty (C:\Users\LiFtD.DESKTOP-NJPM2BG\AppData\Local\Programs\MiKTeX\tex/latex/pgf/utilities\pgfrcs.sty (C:\Users\LiFtD.DESKTOP-NJPM2BG\AppData\Local\Programs\MiKTeX\tex/generic/pgf/utilities\pgfutil-common.tex
\pgfutil@everybye=\toks18
\pgfutil@tempdima=\dimen153
\pgfutil@tempdimb=\dimen154
) (C:\Users\LiFtD.DESKTOP-NJPM2BG\AppData\Local\Programs\MiKTeX\tex/generic/pgf/utilities\pgfutil-latex.def
\pgfutil@abb=\box51
) (C:\Users\LiFtD.DESKTOP-NJPM2BG\AppData\Local\Programs\MiKTeX\tex/generic/pgf/utilities\pgfrcs.code.tex (C:\Users\LiFtD.DESKTOP-NJPM2BG\AppData\Local\Programs\MiKTeX\tex/generic/pgf\pgf.revision.tex)
Package: pgfrcs 2023-01-15 v3.1.10 (3.1.10)
))
Package: pgf 2023-01-15 v3.1.10 (3.1.10)
 (C:\Users\LiFtD.DESKTOP-NJPM2BG\AppData\Local\Programs\MiKTeX\tex/latex/pgf/basiclayer\pgfcore.sty (C:\Users\LiFtD.DESKTOP-NJPM2BG\AppData\Local\Programs\MiKTeX\tex/latex/pgf/systemlayer\pgfsys.sty (C:\Users\LiFtD.DESKTOP-NJPM2BG\AppData\Local\Programs\MiKTeX\tex/generic/pgf/systemlayer\pgfsys.code.tex
Package: pgfsys 2023-01-15 v3.1.10 (3.1.10)
 (C:\Users\LiFtD.DESKTOP-NJPM2BG\AppData\Local\Programs\MiKTeX\tex/generic/pgf/utilities\pgfkeys.code.tex
\pgfkeys@pathtoks=\toks19
\pgfkeys@temptoks=\toks20
 (C:\Users\LiFtD.DESKTOP-NJPM2BG\AppData\Local\Programs\MiKTeX\tex/generic/pgf/utilities\pgfkeyslibraryfiltered.code.tex
\pgfkeys@tmptoks=\toks21
))
\pgf@x=\dimen155
\pgf@y=\dimen156
\pgf@xa=\dimen157
\pgf@ya=\dimen158
\pgf@xb=\dimen159
\pgf@yb=\dimen160
\pgf@xc=\dimen161
\pgf@yc=\dimen162
\pgf@xd=\dimen163
\pgf@yd=\dimen164
\w@pgf@writea=\write3
\r@pgf@reada=\read2
\c@pgf@counta=\count266
\c@pgf@countb=\count267
\c@pgf@countc=\count268
\c@pgf@countd=\count269
\t@pgf@toka=\toks22
\t@pgf@tokb=\toks23
\t@pgf@tokc=\toks24
\pgf@sys@id@count=\count270
 (C:\Users\LiFtD.DESKTOP-NJPM2BG\AppData\Local\Programs\MiKTeX\tex/generic/pgf/systemlayer\pgf.cfg
File: pgf.cfg 2023-01-15 v3.1.10 (3.1.10)
)
Driver file for pgf: pgfsys-pdftex.def
 (C:\Users\LiFtD.DESKTOP-NJPM2BG\AppData\Local\Programs\MiKTeX\tex/generic/pgf/systemlayer\pgfsys-pdftex.def
File: pgfsys-pdftex.def 2023-01-15 v3.1.10 (3.1.10)
 (C:\Users\LiFtD.DESKTOP-NJPM2BG\AppData\Local\Programs\MiKTeX\tex/generic/pgf/systemlayer\pgfsys-common-pdf.def
File: pgfsys-common-pdf.def 2023-01-15 v3.1.10 (3.1.10)
))) (C:\Users\LiFtD.DESKTOP-NJPM2BG\AppData\Local\Programs\MiKTeX\tex/generic/pgf/systemlayer\pgfsyssoftpath.code.tex
File: pgfsyssoftpath.code.tex 2023-01-15 v3.1.10 (3.1.10)
\pgfsyssoftpath@smallbuffer@items=\count271
\pgfsyssoftpath@bigbuffer@items=\count272
) (C:\Users\LiFtD.DESKTOP-NJPM2BG\AppData\Local\Programs\MiKTeX\tex/generic/pgf/systemlayer\pgfsysprotocol.code.tex
File: pgfsysprotocol.code.tex 2023-01-15 v3.1.10 (3.1.10)
)) (C:\Users\LiFtD.DESKTOP-NJPM2BG\AppData\Local\Programs\MiKTeX\tex/latex/xcolor\xcolor.sty
Package: xcolor 2022/06/12 v2.14 LaTeX color extensions (UK)
 (C:\Users\LiFtD.DESKTOP-NJPM2BG\AppData\Local\Programs\MiKTeX\tex/latex/graphics-cfg\color.cfg
File: color.cfg 2016/01/02 v1.6 sample color configuration
)
Package xcolor Info: Driver file: pdftex.def on input line 227.
LaTeX Info: Redefining \color on input line 711.
 (C:\Users\LiFtD.DESKTOP-NJPM2BG\AppData\Local\Programs\MiKTeX\tex/latex/graphics\mathcolor.ltx)
Package xcolor Info: Model `cmy' substituted by `cmy0' on input line 1353.
Package xcolor Info: Model `hsb' substituted by `rgb' on input line 1357.
Package xcolor Info: Model `RGB' extended on input line 1369.
Package xcolor Info: Model `HTML' substituted by `rgb' on input line 1371.
Package xcolor Info: Model `Hsb' substituted by `hsb' on input line 1372.
Package xcolor Info: Model `tHsb' substituted by `hsb' on input line 1373.
Package xcolor Info: Model `HSB' substituted by `hsb' on input line 1374.
Package xcolor Info: Model `Gray' substituted by `gray' on input line 1375.
Package xcolor Info: Model `wave' substituted by `hsb' on input line 1376.
) (C:\Users\LiFtD.DESKTOP-NJPM2BG\AppData\Local\Programs\MiKTeX\tex/generic/pgf/basiclayer\pgfcore.code.tex
Package: pgfcore 2023-01-15 v3.1.10 (3.1.10)
 (C:\Users\LiFtD.DESKTOP-NJPM2BG\AppData\Local\Programs\MiKTeX\tex/generic/pgf/math\pgfmath.code.tex (C:\Users\LiFtD.DESKTOP-NJPM2BG\AppData\Local\Programs\MiKTeX\tex/generic/pgf/math\pgfmathutil.code.tex) (C:\Users\LiFtD.DESKTOP-NJPM2BG\AppData\Local\Programs\MiKTeX\tex/generic/pgf/math\pgfmathparser.code.tex
\pgfmath@dimen=\dimen165
\pgfmath@count=\count273
\pgfmath@box=\box52
\pgfmath@toks=\toks25
\pgfmath@stack@operand=\toks26
\pgfmath@stack@operation=\toks27
) (C:\Users\LiFtD.DESKTOP-NJPM2BG\AppData\Local\Programs\MiKTeX\tex/generic/pgf/math\pgfmathfunctions.code.tex) (C:\Users\LiFtD.DESKTOP-NJPM2BG\AppData\Local\Programs\MiKTeX\tex/generic/pgf/math\pgfmathfunctions.basic.code.tex) (C:\Users\LiFtD.DESKTOP-NJPM2BG\AppData\Local\Programs\MiKTeX\tex/generic/pgf/math\pgfmathfunctions.trigonometric.code.tex) (C:\Users\LiFtD.DESKTOP-NJPM2BG\AppData\Local\Programs\MiKTeX\tex/generic/pgf/math\pgfmathfunctions.random.code.tex) (C:\Users\LiFtD.DESKTOP-NJPM2BG\AppData\Local\Programs\MiKTeX\tex/generic/pgf/math\pgfmathfunctions.comparison.code.tex) (C:\Users\LiFtD.DESKTOP-NJPM2BG\AppData\Local\Programs\MiKTeX\tex/generic/pgf/math\pgfmathfunctions.base.code.tex) (C:\Users\LiFtD.DESKTOP-NJPM2BG\AppData\Local\Programs\MiKTeX\tex/generic/pgf/math\pgfmathfunctions.round.code.tex) (C:\Users\LiFtD.DESKTOP-NJPM2BG\AppData\Local\Programs\MiKTeX\tex/generic/pgf/math\pgfmathfunctions.misc.code.tex) (C:\Users\LiFtD.DESKTOP-NJPM2BG\AppData\Local\Programs\MiKTeX\tex/generic/pgf/math\pgfmathfunctions.integerarithmetics.code.tex) (C:\Users\LiFtD.DESKTOP-NJPM2BG\AppData\Local\Programs\MiKTeX\tex/generic/pgf/math\pgfmathcalc.code.tex) (C:\Users\LiFtD.DESKTOP-NJPM2BG\AppData\Local\Programs\MiKTeX\tex/generic/pgf/math\pgfmathfloat.code.tex
\c@pgfmathroundto@lastzeros=\count274
)) (C:\Users\LiFtD.DESKTOP-NJPM2BG\AppData\Local\Programs\MiKTeX\tex/generic/pgf/math\pgfint.code.tex) (C:\Users\LiFtD.DESKTOP-NJPM2BG\AppData\Local\Programs\MiKTeX\tex/generic/pgf/basiclayer\pgfcorepoints.code.tex
File: pgfcorepoints.code.tex 2023-01-15 v3.1.10 (3.1.10)
\pgf@picminx=\dimen166
\pgf@picmaxx=\dimen167
\pgf@picminy=\dimen168
\pgf@picmaxy=\dimen169
\pgf@pathminx=\dimen170
\pgf@pathmaxx=\dimen171
\pgf@pathminy=\dimen172
\pgf@pathmaxy=\dimen173
\pgf@xx=\dimen174
\pgf@xy=\dimen175
\pgf@yx=\dimen176
\pgf@yy=\dimen177
\pgf@zx=\dimen178
\pgf@zy=\dimen179
) (C:\Users\LiFtD.DESKTOP-NJPM2BG\AppData\Local\Programs\MiKTeX\tex/generic/pgf/basiclayer\pgfcorepathconstruct.code.tex
File: pgfcorepathconstruct.code.tex 2023-01-15 v3.1.10 (3.1.10)
\pgf@path@lastx=\dimen180
\pgf@path@lasty=\dimen181
) (C:\Users\LiFtD.DESKTOP-NJPM2BG\AppData\Local\Programs\MiKTeX\tex/generic/pgf/basiclayer\pgfcorepathusage.code.tex
File: pgfcorepathusage.code.tex 2023-01-15 v3.1.10 (3.1.10)
\pgf@shorten@end@additional=\dimen182
\pgf@shorten@start@additional=\dimen183
) (C:\Users\LiFtD.DESKTOP-NJPM2BG\AppData\Local\Programs\MiKTeX\tex/generic/pgf/basiclayer\pgfcorescopes.code.tex
File: pgfcorescopes.code.tex 2023-01-15 v3.1.10 (3.1.10)
\pgfpic=\box53
\pgf@hbox=\box54
\pgf@layerbox@main=\box55
\pgf@picture@serial@count=\count275
) (C:\Users\LiFtD.DESKTOP-NJPM2BG\AppData\Local\Programs\MiKTeX\tex/generic/pgf/basiclayer\pgfcoregraphicstate.code.tex
File: pgfcoregraphicstate.code.tex 2023-01-15 v3.1.10 (3.1.10)
\pgflinewidth=\dimen184
) (C:\Users\LiFtD.DESKTOP-NJPM2BG\AppData\Local\Programs\MiKTeX\tex/generic/pgf/basiclayer\pgfcoretransformations.code.tex
File: pgfcoretransformations.code.tex 2023-01-15 v3.1.10 (3.1.10)
\pgf@pt@x=\dimen185
\pgf@pt@y=\dimen186
\pgf@pt@temp=\dimen187
) (C:\Users\LiFtD.DESKTOP-NJPM2BG\AppData\Local\Programs\MiKTeX\tex/generic/pgf/basiclayer\pgfcorequick.code.tex
File: pgfcorequick.code.tex 2023-01-15 v3.1.10 (3.1.10)
) (C:\Users\LiFtD.DESKTOP-NJPM2BG\AppData\Local\Programs\MiKTeX\tex/generic/pgf/basiclayer\pgfcoreobjects.code.tex
File: pgfcoreobjects.code.tex 2023-01-15 v3.1.10 (3.1.10)
) (C:\Users\LiFtD.DESKTOP-NJPM2BG\AppData\Local\Programs\MiKTeX\tex/generic/pgf/basiclayer\pgfcorepathprocessing.code.tex
File: pgfcorepathprocessing.code.tex 2023-01-15 v3.1.10 (3.1.10)
) (C:\Users\LiFtD.DESKTOP-NJPM2BG\AppData\Local\Programs\MiKTeX\tex/generic/pgf/basiclayer\pgfcorearrows.code.tex
File: pgfcorearrows.code.tex 2023-01-15 v3.1.10 (3.1.10)
\pgfarrowsep=\dimen188
) (C:\Users\LiFtD.DESKTOP-NJPM2BG\AppData\Local\Programs\MiKTeX\tex/generic/pgf/basiclayer\pgfcoreshade.code.tex
File: pgfcoreshade.code.tex 2023-01-15 v3.1.10 (3.1.10)
\pgf@max=\dimen189
\pgf@sys@shading@range@num=\count276
\pgf@shadingcount=\count277
) (C:\Users\LiFtD.DESKTOP-NJPM2BG\AppData\Local\Programs\MiKTeX\tex/generic/pgf/basiclayer\pgfcoreimage.code.tex
File: pgfcoreimage.code.tex 2023-01-15 v3.1.10 (3.1.10)
) (C:\Users\LiFtD.DESKTOP-NJPM2BG\AppData\Local\Programs\MiKTeX\tex/generic/pgf/basiclayer\pgfcoreexternal.code.tex
File: pgfcoreexternal.code.tex 2023-01-15 v3.1.10 (3.1.10)
\pgfexternal@startupbox=\box56
) (C:\Users\LiFtD.DESKTOP-NJPM2BG\AppData\Local\Programs\MiKTeX\tex/generic/pgf/basiclayer\pgfcorelayers.code.tex
File: pgfcorelayers.code.tex 2023-01-15 v3.1.10 (3.1.10)
) (C:\Users\LiFtD.DESKTOP-NJPM2BG\AppData\Local\Programs\MiKTeX\tex/generic/pgf/basiclayer\pgfcoretransparency.code.tex
File: pgfcoretransparency.code.tex 2023-01-15 v3.1.10 (3.1.10)
) (C:\Users\LiFtD.DESKTOP-NJPM2BG\AppData\Local\Programs\MiKTeX\tex/generic/pgf/basiclayer\pgfcorepatterns.code.tex
File: pgfcorepatterns.code.tex 2023-01-15 v3.1.10 (3.1.10)
) (C:\Users\LiFtD.DESKTOP-NJPM2BG\AppData\Local\Programs\MiKTeX\tex/generic/pgf/basiclayer\pgfcorerdf.code.tex
File: pgfcorerdf.code.tex 2023-01-15 v3.1.10 (3.1.10)
))) (C:\Users\LiFtD.DESKTOP-NJPM2BG\AppData\Local\Programs\MiKTeX\tex/generic/pgf/modules\pgfmoduleshapes.code.tex
File: pgfmoduleshapes.code.tex 2023-01-15 v3.1.10 (3.1.10)
\pgfnodeparttextbox=\box57
) (C:\Users\LiFtD.DESKTOP-NJPM2BG\AppData\Local\Programs\MiKTeX\tex/generic/pgf/modules\pgfmoduleplot.code.tex
File: pgfmoduleplot.code.tex 2023-01-15 v3.1.10 (3.1.10)
) (C:\Users\LiFtD.DESKTOP-NJPM2BG\AppData\Local\Programs\MiKTeX\tex/latex/pgf/compatibility\pgfcomp-version-0-65.sty
Package: pgfcomp-version-0-65 2023-01-15 v3.1.10 (3.1.10)
\pgf@nodesepstart=\dimen190
\pgf@nodesepend=\dimen191
) (C:\Users\LiFtD.DESKTOP-NJPM2BG\AppData\Local\Programs\MiKTeX\tex/latex/pgf/compatibility\pgfcomp-version-1-18.sty
Package: pgfcomp-version-1-18 2023-01-15 v3.1.10 (3.1.10)
)) (C:\Users\LiFtD.DESKTOP-NJPM2BG\AppData\Local\Programs\MiKTeX\tex/latex/pgf/utilities\pgffor.sty (C:\Users\LiFtD.DESKTOP-NJPM2BG\AppData\Local\Programs\MiKTeX\tex/latex/pgf/utilities\pgfkeys.sty (C:\Users\LiFtD.DESKTOP-NJPM2BG\AppData\Local\Programs\MiKTeX\tex/generic/pgf/utilities\pgfkeys.code.tex)) (C:\Users\LiFtD.DESKTOP-NJPM2BG\AppData\Local\Programs\MiKTeX\tex/latex/pgf/math\pgfmath.sty (C:\Users\LiFtD.DESKTOP-NJPM2BG\AppData\Local\Programs\MiKTeX\tex/generic/pgf/math\pgfmath.code.tex)) (C:\Users\LiFtD.DESKTOP-NJPM2BG\AppData\Local\Programs\MiKTeX\tex/generic/pgf/utilities\pgffor.code.tex
Package: pgffor 2023-01-15 v3.1.10 (3.1.10)
\pgffor@iter=\dimen192
\pgffor@skip=\dimen193
\pgffor@stack=\toks28
\pgffor@toks=\toks29
)) (C:\Users\LiFtD.DESKTOP-NJPM2BG\AppData\Local\Programs\MiKTeX\tex/generic/pgf/frontendlayer/tikz\tikz.code.tex
Package: tikz 2023-01-15 v3.1.10 (3.1.10)
 (C:\Users\LiFtD.DESKTOP-NJPM2BG\AppData\Local\Programs\MiKTeX\tex/generic/pgf/libraries\pgflibraryplothandlers.code.tex
File: pgflibraryplothandlers.code.tex 2023-01-15 v3.1.10 (3.1.10)
\pgf@plot@mark@count=\count278
\pgfplotmarksize=\dimen194
)
\tikz@lastx=\dimen195
\tikz@lasty=\dimen196
\tikz@lastxsaved=\dimen197
\tikz@lastysaved=\dimen198
\tikz@lastmovetox=\dimen199
\tikz@lastmovetoy=\dimen256
\tikzleveldistance=\dimen257
\tikzsiblingdistance=\dimen258
\tikz@figbox=\box58
\tikz@figbox@bg=\box59
\tikz@tempbox=\box60
\tikz@tempbox@bg=\box61
\tikztreelevel=\count279
\tikznumberofchildren=\count280
\tikznumberofcurrentchild=\count281
\tikz@fig@count=\count282
 (C:\Users\LiFtD.DESKTOP-NJPM2BG\AppData\Local\Programs\MiKTeX\tex/generic/pgf/modules\pgfmodulematrix.code.tex
File: pgfmodulematrix.code.tex 2023-01-15 v3.1.10 (3.1.10)
\pgfmatrixcurrentrow=\count283
\pgfmatrixcurrentcolumn=\count284
\pgf@matrix@numberofcolumns=\count285
)
\tikz@expandcount=\count286
 (C:\Users\LiFtD.DESKTOP-NJPM2BG\AppData\Local\Programs\MiKTeX\tex/generic/pgf/frontendlayer/tikz/libraries\tikzlibrarytopaths.code.tex
File: tikzlibrarytopaths.code.tex 2023-01-15 v3.1.10 (3.1.10)
))) (C:\Users\LiFtD.DESKTOP-NJPM2BG\AppData\Local\Programs\MiKTeX\tex/latex/hyperref\hyperref.sty
Package: hyperref 2023-04-22 v7.00x Hypertext links for LaTeX
 (C:\Users\LiFtD.DESKTOP-NJPM2BG\AppData\Local\Programs\MiKTeX\tex/generic/pdftexcmds\pdftexcmds.sty
Package: pdftexcmds 2020-06-27 v0.33 Utility functions of pdfTeX for LuaTeX (HO)
 (C:\Users\LiFtD.DESKTOP-NJPM2BG\AppData\Local\Programs\MiKTeX\tex/generic/infwarerr\infwarerr.sty
Package: infwarerr 2019/12/03 v1.5 Providing info/warning/error messages (HO)
)
Package pdftexcmds Info: \pdf@primitive is available.
Package pdftexcmds Info: \pdf@ifprimitive is available.
Package pdftexcmds Info: \pdfdraftmode found.
)
(C:\Users\LiFtD.DESKTOP-NJPM2BG\AppData\Local\Programs\MiKTeX\tex/generic/kvdefinekeys\kvdefinekeys.sty
Package: kvdefinekeys 2019-12-19 v1.6 Define keys (HO)
) (C:\Users\LiFtD.DESKTOP-NJPM2BG\AppData\Local\Programs\MiKTeX\tex/generic/pdfescape\pdfescape.sty
Package: pdfescape 2019/12/09 v1.15 Implements pdfTeX's escape features (HO)
) (C:\Users\LiFtD.DESKTOP-NJPM2BG\AppData\Local\Programs\MiKTeX\tex/latex/hycolor\hycolor.sty
Package: hycolor 2020-01-27 v1.10 Color options for hyperref/bookmark (HO)
) (C:\Users\LiFtD.DESKTOP-NJPM2BG\AppData\Local\Programs\MiKTeX\tex/latex/letltxmacro\letltxmacro.sty
Package: letltxmacro 2019/12/03 v1.6 Let assignment for LaTeX macros (HO)
) (C:\Users\LiFtD.DESKTOP-NJPM2BG\AppData\Local\Programs\MiKTeX\tex/latex/auxhook\auxhook.sty
Package: auxhook 2019-12-17 v1.6 Hooks for auxiliary files (HO)
) (C:\Users\LiFtD.DESKTOP-NJPM2BG\AppData\Local\Programs\MiKTeX\tex/latex/hyperref\nameref.sty
Package: nameref 2022-05-17 v2.50 Cross-referencing by name of section
 (C:\Users\LiFtD.DESKTOP-NJPM2BG\AppData\Local\Programs\MiKTeX\tex/latex/refcount\refcount.sty
Package: refcount 2019/12/15 v3.6 Data extraction from label references (HO)
) (C:\Users\LiFtD.DESKTOP-NJPM2BG\AppData\Local\Programs\MiKTeX\tex/generic/gettitlestring\gettitlestring.sty
Package: gettitlestring 2019/12/15 v1.6 Cleanup title references (HO)
)
\c@section@level=\count287
)
\@linkdim=\dimen259
\Hy@linkcounter=\count288
\Hy@pagecounter=\count289
 (C:\Users\LiFtD.DESKTOP-NJPM2BG\AppData\Local\Programs\MiKTeX\tex/latex/hyperref\pd1enc.def
File: pd1enc.def 2023-04-22 v7.00x Hyperref: PDFDocEncoding definition (HO)
Now handling font encoding PD1 ...
... no UTF-8 mapping file for font encoding PD1
) (C:\Users\LiFtD.DESKTOP-NJPM2BG\AppData\Local\Programs\MiKTeX\tex/generic/intcalc\intcalc.sty
Package: intcalc 2019/12/15 v1.3 Expandable calculations with integers (HO)
)
\Hy@SavedSpaceFactor=\count290
 (C:\Users\LiFtD.DESKTOP-NJPM2BG\AppData\Local\Programs\MiKTeX\tex/latex/hyperref\puenc.def
File: puenc.def 2023-04-22 v7.00x Hyperref: PDF Unicode definition (HO)
Now handling font encoding PU ...
... no UTF-8 mapping file for font encoding PU
)
Package hyperref Info: Hyper figures OFF on input line 4182.
Package hyperref Info: Link nesting OFF on input line 4187.
Package hyperref Info: Hyper index ON on input line 4190.
Package hyperref Info: Plain pages OFF on input line 4197.
Package hyperref Info: Backreferencing OFF on input line 4202.
Package hyperref Info: Implicit mode ON; LaTeX internals redefined.
Package hyperref Info: Bookmarks ON on input line 4449.
\c@Hy@tempcnt=\count291
 (C:\Users\LiFtD.DESKTOP-NJPM2BG\AppData\Local\Programs\MiKTeX\tex/latex/url\url.sty
\Urlmuskip=\muskip16
Package: url 2013/09/16  ver 3.4  Verb mode for urls, etc.
)
LaTeX Info: Redefining \url on input line 4787.
\XeTeXLinkMargin=\dimen260
 (C:\Users\LiFtD.DESKTOP-NJPM2BG\AppData\Local\Programs\MiKTeX\tex/generic/bitset\bitset.sty
Package: bitset 2019/12/09 v1.3 Handle bit-vector datatype (HO)
 (C:\Users\LiFtD.DESKTOP-NJPM2BG\AppData\Local\Programs\MiKTeX\tex/generic/bigintcalc\bigintcalc.sty
Package: bigintcalc 2019/12/15 v1.5 Expandable calculations on big integers (HO)
))
\Fld@menulength=\count292
\Field@Width=\dimen261
\Fld@charsize=\dimen262
Package hyperref Info: Hyper figures OFF on input line 6066.
Package hyperref Info: Link nesting OFF on input line 6071.
Package hyperref Info: Hyper index ON on input line 6074.
Package hyperref Info: backreferencing OFF on input line 6081.
Package hyperref Info: Link coloring OFF on input line 6086.
Package hyperref Info: Link coloring with OCG OFF on input line 6091.
Package hyperref Info: PDF/A mode OFF on input line 6096.
 (C:\Users\LiFtD.DESKTOP-NJPM2BG\AppData\Local\Programs\MiKTeX\tex/latex/base\atbegshi-ltx.sty
Package: atbegshi-ltx 2021/01/10 v1.0c Emulation of the original atbegshi
package with kernel methods
)
\Hy@abspage=\count293
\c@Item=\count294
\c@Hfootnote=\count295
)
Package hyperref Info: Driver (autodetected): hpdftex.
 (C:\Users\LiFtD.DESKTOP-NJPM2BG\AppData\Local\Programs\MiKTeX\tex/latex/hyperref\hpdftex.def
File: hpdftex.def 2023-04-22 v7.00x Hyperref driver for pdfTeX
 (C:\Users\LiFtD.DESKTOP-NJPM2BG\AppData\Local\Programs\MiKTeX\tex/latex/base\atveryend-ltx.sty
Package: atveryend-ltx 2020/08/19 v1.0a Emulation of the original atveryend package
with kernel methods
)
\Fld@listcount=\count296
\c@bookmark@seq@number=\count297
 (C:\Users\LiFtD.DESKTOP-NJPM2BG\AppData\Local\Programs\MiKTeX\tex/latex/rerunfilecheck\rerunfilecheck.sty
Package: rerunfilecheck 2022-07-10 v1.10 Rerun checks for auxiliary files (HO)
 (C:\Users\LiFtD.DESKTOP-NJPM2BG\AppData\Local\Programs\MiKTeX\tex/generic/uniquecounter\uniquecounter.sty
Package: uniquecounter 2019/12/15 v1.4 Provide unlimited unique counter (HO)
)
Package uniquecounter Info: New unique counter `rerunfilecheck' on input line 285.
)
\Hy@SectionHShift=\skip60
) (C:\Users\LiFtD.DESKTOP-NJPM2BG\AppData\Local\Programs\MiKTeX\tex/generic/pgf/frontendlayer/tikz/libraries\tikzlibrarysvg.path.code.tex
File: tikzlibrarysvg.path.code.tex 2023-01-15 v3.1.10 (3.1.10)
 (C:\Users\LiFtD.DESKTOP-NJPM2BG\AppData\Local\Programs\MiKTeX\tex/generic/pgf/libraries\pgflibrarysvg.path.code.tex
File: pgflibrarysvg.path.code.tex 2023-01-15 v3.1.10 (3.1.10)
 (C:\Users\LiFtD.DESKTOP-NJPM2BG\AppData\Local\Programs\MiKTeX\tex/generic/pgf/modules\pgfmoduleparser.code.tex
File: pgfmoduleparser.code.tex 2023-01-15 v3.1.10 (3.1.10)
\pgfparserdef@arg@count=\count298
)
\pgf@lib@svg@last@x=\dimen263
\pgf@lib@svg@last@y=\dimen264
\pgf@lib@svg@last@c@x=\dimen265
\pgf@lib@svg@last@c@y=\dimen266
\pgf@lib@svg@count=\count299
\pgf@lib@svg@max@num=\count300
)) (C:\Users\LiFtD.DESKTOP-NJPM2BG\AppData\Local\Programs\MiKTeX\tex/latex/booktabs\booktabs.sty
Package: booktabs 2020/01/12 v1.61803398 Publication quality tables
\heavyrulewidth=\dimen267
\lightrulewidth=\dimen268
\cmidrulewidth=\dimen269
\belowrulesep=\dimen270
\belowbottomsep=\dimen271
\aboverulesep=\dimen272
\abovetopsep=\dimen273
\cmidrulesep=\dimen274
\cmidrulekern=\dimen275
\defaultaddspace=\dimen276
\@cmidla=\count301
\@cmidlb=\count302
\@aboverulesep=\dimen277
\@belowrulesep=\dimen278
\@thisruleclass=\count303
\@lastruleclass=\count304
\@thisrulewidth=\dimen279
) (C:\Users\LiFtD.DESKTOP-NJPM2BG\AppData\Local\Programs\MiKTeX\tex/latex/threeparttable\threeparttable.sty
Package: threeparttable 2003/06/13  v 3.0
\@tempboxb=\box62
)
\b@level@one@skip=\skip61
\e@level@one@skip=\skip62
\b@level@two@skip=\skip63
\e@level@two@skip=\skip64
\b@level@three@skip=\skip65
\e@level@three@skip=\skip66
\b@level@four@skip=\skip67
\e@level@four@skip=\skip68
\b@level@five@skip=\skip69
\e@level@five@skip=\skip70
 (C:\Users\LiFtD.DESKTOP-NJPM2BG\AppData\Local\Programs\MiKTeX\tex/latex/caption\caption.sty
Package: caption 2023/03/12 v3.6j Customizing captions (AR)
 (C:\Users\LiFtD.DESKTOP-NJPM2BG\AppData\Local\Programs\MiKTeX\tex/latex/caption\caption3.sty
Package: caption3 2023/03/12 v2.4 caption3 kernel (AR)
\caption@tempdima=\dimen280
\captionmargin=\dimen281
\caption@leftmargin=\dimen282
\caption@rightmargin=\dimen283
\caption@width=\dimen284
\caption@indent=\dimen285
\caption@parindent=\dimen286
\caption@hangindent=\dimen287
Package caption Info: Standard document class detected.
)
\c@caption@flags=\count305
\c@continuedfloat=\count306
Package caption Info: hyperref package is loaded.
Package caption Info: threeparttable package is loaded.
)
\c@APAenum=\count307
\@text@par@indent=\skip71
\gr@box=\box63
\gr@boxwidth=\skip72
\gr@boxheight=\skip73
 (C:\Users\LiFtD.DESKTOP-NJPM2BG\AppData\Local\Programs\MiKTeX\tex/latex/tools\bm.sty
Package: bm 2022/01/05 v1.2f Bold Symbol Support (DPC/FMi)
\symboldoperators=\mathgroup4
\symboldletters=\mathgroup5
\symboldsymbols=\mathgroup6
Package bm Info: No bold for \OMX/lmex/m/n, using \pmb.
LaTeX Font Info:    Redeclaring math alphabet \mathbf on input line 149.
)
\c@appendix=\count308
 (C:\Users\LiFtD.DESKTOP-NJPM2BG\AppData\Local\Programs\MiKTeX\tex/latex/fancyhdr\fancyhdr.sty
Package: fancyhdr 2022/11/09 v4.1 Extensive control of page headers and footers
\f@nch@headwidth=\skip74
\f@nch@O@elh=\skip75
\f@nch@O@erh=\skip76
\f@nch@O@olh=\skip77
\f@nch@O@orh=\skip78
\f@nch@O@elf=\skip79
\f@nch@O@erf=\skip80
\f@nch@O@olf=\skip81
\f@nch@O@orf=\skip82
) (C:\Users\LiFtD.DESKTOP-NJPM2BG\AppData\Local\Programs\MiKTeX\tex/latex/setspace\setspace.sty
Package: setspace 2022/12/04 v6.7b set line spacing
) (C:\Users\LiFtD.DESKTOP-NJPM2BG\AppData\Local\Programs\MiKTeX\tex/latex/changepage\changepage.sty
Package: changepage 2009/10/20 v1.0c check page and change page layout
\c@cp@cntr=\count309
\cp@tempcnt=\count310
) (C:\Users\LiFtD.DESKTOP-NJPM2BG\AppData\Local\Programs\MiKTeX\tex/latex/amsmath\amsmath.sty
Package: amsmath 2022/04/08 v2.17n AMS math features
\@mathmargin=\skip83

For additional information on amsmath, use the `?' option.
(C:\Users\LiFtD.DESKTOP-NJPM2BG\AppData\Local\Programs\MiKTeX\tex/latex/amsmath\amstext.sty
Package: amstext 2021/08/26 v2.01 AMS text
 (C:\Users\LiFtD.DESKTOP-NJPM2BG\AppData\Local\Programs\MiKTeX\tex/latex/amsmath\amsgen.sty
File: amsgen.sty 1999/11/30 v2.0 generic functions
\@emptytoks=\toks30
\ex@=\dimen288
)) (C:\Users\LiFtD.DESKTOP-NJPM2BG\AppData\Local\Programs\MiKTeX\tex/latex/amsmath\amsbsy.sty
Package: amsbsy 1999/11/29 v1.2d Bold Symbols
LaTeX Info: Redefining \boldsymbol on input line 28.
\pmbraise@=\dimen289
) (C:\Users\LiFtD.DESKTOP-NJPM2BG\AppData\Local\Programs\MiKTeX\tex/latex/amsmath\amsopn.sty
Package: amsopn 2022/04/08 v2.04 operator names
)
\inf@bad=\count311
LaTeX Info: Redefining \frac on input line 234.
\uproot@=\count312
\leftroot@=\count313
LaTeX Info: Redefining \overline on input line 399.
LaTeX Info: Redefining \colon on input line 410.
\classnum@=\count314
\DOTSCASE@=\count315
LaTeX Info: Redefining \ldots on input line 496.
LaTeX Info: Redefining \dots on input line 499.
LaTeX Info: Redefining \cdots on input line 620.
\Mathstrutbox@=\box64
\strutbox@=\box65
LaTeX Info: Redefining \big on input line 722.
LaTeX Info: Redefining \Big on input line 723.
LaTeX Info: Redefining \bigg on input line 724.
LaTeX Info: Redefining \Bigg on input line 725.
\big@size=\dimen290
LaTeX Font Info:    Redeclaring font encoding OML on input line 743.
LaTeX Font Info:    Redeclaring font encoding OMS on input line 744.
\macc@depth=\count316
LaTeX Info: Redefining \bmod on input line 905.
LaTeX Info: Redefining \pmod on input line 910.
LaTeX Info: Redefining \smash on input line 940.
LaTeX Info: Redefining \relbar on input line 970.
LaTeX Info: Redefining \Relbar on input line 971.
\c@MaxMatrixCols=\count317
\dotsspace@=\muskip17
\c@parentequation=\count318
\dspbrk@lvl=\count319
\tag@help=\toks31
\row@=\count320
\column@=\count321
\maxfields@=\count322
\andhelp@=\toks32
\eqnshift@=\dimen291
\alignsep@=\dimen292
\tagshift@=\dimen293
\tagwidth@=\dimen294
\totwidth@=\dimen295
\lineht@=\dimen296
\@envbody=\toks33
\multlinegap=\skip84
\multlinetaggap=\skip85
\mathdisplay@stack=\toks34
LaTeX Info: Redefining \[ on input line 2953.
LaTeX Info: Redefining \] on input line 2954.
) (C:\Users\LiFtD.DESKTOP-NJPM2BG\AppData\Local\Programs\MiKTeX\tex/latex/tocloft\tocloft.sty
Package: tocloft 2017/08/31 v2.3i parameterised ToC, etc., typesetting
Package tocloft Info: The document has section divisions on input line 51.
\cftparskip=\skip86
\cftbeforetoctitleskip=\skip87
\cftaftertoctitleskip=\skip88
\cftbeforepartskip=\skip89
\cftpartnumwidth=\skip90
\cftpartindent=\skip91
\cftbeforesecskip=\skip92
\cftsecindent=\skip93
\cftsecnumwidth=\skip94
\cftbeforesubsecskip=\skip95
\cftsubsecindent=\skip96
\cftsubsecnumwidth=\skip97
\cftbeforesubsubsecskip=\skip98
\cftsubsubsecindent=\skip99
\cftsubsubsecnumwidth=\skip100
\cftbeforeparaskip=\skip101
\cftparaindent=\skip102
\cftparanumwidth=\skip103
\cftbeforesubparaskip=\skip104
\cftsubparaindent=\skip105
\cftsubparanumwidth=\skip106
\cftbeforeloftitleskip=\skip107
\cftafterloftitleskip=\skip108
\cftbeforefigskip=\skip109
\cftfigindent=\skip110
\cftfignumwidth=\skip111
\c@lofdepth=\count323
\c@lotdepth=\count324
\cftbeforelottitleskip=\skip112
\cftafterlottitleskip=\skip113
\cftbeforetabskip=\skip114
\cfttabindent=\skip115
\cfttabnumwidth=\skip116
)
\c@myequations=\count325
\cftbeforemyequationsskip=\skip117
\cftmyequationsindent=\skip118
\cftmyequationsnumwidth=\skip119
\c@equdepth=\count326
\cftbeforeequtitleskip=\skip120
\cftafterequtitleskip=\skip121
\c@abbreviations=\count327
\cftbeforeabbreviationsskip=\skip122
\cftabbreviationsindent=\skip123
\cftabbreviationsnumwidth=\skip124
\c@abbdepth=\count328
\cftbeforeabbtitleskip=\skip125
\cftafterabbtitleskip=\skip126
\c@symbols=\count329
\cftbeforesymbolsskip=\skip127
\cftsymbolsindent=\skip128
\cftsymbolsnumwidth=\skip129
\c@symbdepth=\count330
\cftbeforesymbtitleskip=\skip130
\cftaftersymbtitleskip=\skip131
) (00_Preamble/preamble.tex (C:\Users\LiFtD.DESKTOP-NJPM2BG\AppData\Local\Programs\MiKTeX\tex/latex/lipsum\lipsum.sty (C:\Users\LiFtD.DESKTOP-NJPM2BG\AppData\Local\Programs\MiKTeX\tex/latex/l3packages/l3keys2e\l3keys2e.sty (C:\Users\LiFtD.DESKTOP-NJPM2BG\AppData\Local\Programs\MiKTeX\tex/latex/l3kernel\expl3.sty
Package: expl3 2023-05-15 L3 programming layer (loader) 
 (C:\Users\LiFtD.DESKTOP-NJPM2BG\AppData\Local\Programs\MiKTeX\tex/latex/l3backend\l3backend-pdftex.def
File: l3backend-pdftex.def 2023-04-19 L3 backend support: PDF output (pdfTeX)
\l__color_backend_stack_int=\count331
\l__pdf_internal_box=\box66
))
Package: l3keys2e 2023-02-02 LaTeX2e option processing using LaTeX3 keys
)
Package: lipsum 2021-09-20 v2.7 150 paragraphs of Lorem Ipsum dummy text
\g__lipsum_par_int=\count332
\l__lipsum_a_int=\count333
\l__lipsum_b_int=\count334
 (C:\Users\LiFtD.DESKTOP-NJPM2BG\AppData\Local\Programs\MiKTeX\tex/latex/lipsum\lipsum.ltd.tex)) (C:\Users\LiFtD.DESKTOP-NJPM2BG\AppData\Local\Programs\MiKTeX\tex/generic/babel\babel.sty
Package: babel 2023/05/11 v3.89 The Babel package
\babel@savecnt=\count335
\U@D=\dimen297
\l@unhyphenated=\language79
 (C:\Users\LiFtD.DESKTOP-NJPM2BG\AppData\Local\Programs\MiKTeX\tex/generic/babel\txtbabel.def)
\bbl@readstream=\read3
\bbl@dirlevel=\count336

*************************************
* Local config file bblopts.cfg used
*
(C:\Users\LiFtD.DESKTOP-NJPM2BG\AppData\Local\Programs\MiKTeX\tex/latex/arabi\bblopts.cfg
File: bblopts.cfg 2005/09/08 v0.1 add Arabic and Farsi to "declared" options of babel
) (C:\Users\LiFtD.DESKTOP-NJPM2BG\AppData\Local\Programs\MiKTeX\tex/latex/babel-english\american.ldf
Language: american 2017/06/06 v3.3r English support from the babel system
 (C:\Users\LiFtD.DESKTOP-NJPM2BG\AppData\Local\Programs\MiKTeX\tex/latex/babel-english\english.ldf
Language: english 2017/06/06 v3.3r English support from the babel system
Package babel Info: Hyphen rules for 'canadian' set to \l@english
(babel)             (\language0). Reported on input line 102.
Package babel Info: Hyphen rules for 'australian' set to \l@ukenglish
(babel)             (\language73). Reported on input line 105.
Package babel Info: Hyphen rules for 'newzealand' set to \l@ukenglish
(babel)             (\language73). Reported on input line 108.
))) (C:\Users\LiFtD.DESKTOP-NJPM2BG\AppData\Local\Programs\MiKTeX\tex/generic/babel/locale/en\babel-american.tex
Package babel Info: Importing font and identification data for american
(babel)             from babel-en-US.ini. Reported on input line 11.
) (C:\Users\LiFtD.DESKTOP-NJPM2BG\AppData\Local\Programs\MiKTeX\tex/latex/base\inputenc.sty
Package: inputenc 2021/02/14 v1.3d Input encoding file
\inpenc@prehook=\toks35
\inpenc@posthook=\toks36
) (C:\Users\LiFtD.DESKTOP-NJPM2BG\AppData\Local\Programs\MiKTeX\tex/latex/base\fontenc.sty
Package: fontenc 2021/04/29 v2.0v Standard LaTeX package
) (C:\Users\LiFtD.DESKTOP-NJPM2BG\AppData\Local\Programs\MiKTeX\tex/latex/csquotes\csquotes.sty
Package: csquotes 2022-09-14 v5.2n context-sensitive quotations (JAW)
\csq@reset=\count337
\csq@gtype=\count338
\csq@glevel=\count339
\csq@qlevel=\count340
\csq@maxlvl=\count341
\csq@tshold=\count342
\csq@ltx@everypar=\toks37
 (C:\Users\LiFtD.DESKTOP-NJPM2BG\AppData\Local\Programs\MiKTeX\tex/latex/csquotes\csquotes.def
File: csquotes.def 2022-09-14 v5.2n csquotes generic definitions (JAW)
)
Package csquotes Info: Trying to load configuration file 'csquotes.cfg'...
Package csquotes Info: ... configuration file loaded successfully.
 (C:\Users\LiFtD.DESKTOP-NJPM2BG\AppData\Local\Programs\MiKTeX\tex/latex/csquotes\csquotes.cfg
File: csquotes.cfg 
)) (C:\Users\LiFtD.DESKTOP-NJPM2BG\AppData\Local\Programs\MiKTeX\tex/latex/biblatex\biblatex.sty
Package: biblatex 2023/03/05 v3.19 programmable bibliographies (PK/MW)
 (C:\Users\LiFtD.DESKTOP-NJPM2BG\AppData\Local\Programs\MiKTeX\tex/latex/logreq\logreq.sty
Package: logreq 2010/08/04 v1.0 xml request logger
\lrq@indent=\count343
 (C:\Users\LiFtD.DESKTOP-NJPM2BG\AppData\Local\Programs\MiKTeX\tex/latex/logreq\logreq.def
File: logreq.def 2010/08/04 v1.0 logreq spec v1.0
)) (C:\Users\LiFtD.DESKTOP-NJPM2BG\AppData\Local\Programs\MiKTeX\tex/latex/base\ifthen.sty
Package: ifthen 2022/04/13 v1.1d Standard LaTeX ifthen package (DPC)
)
\c@tabx@nest=\count344
\c@listtotal=\count345
\c@listcount=\count346
\c@liststart=\count347
\c@liststop=\count348
\c@citecount=\count349
\c@citetotal=\count350
\c@multicitecount=\count351
\c@multicitetotal=\count352
\c@instcount=\count353
\c@maxnames=\count354
\c@minnames=\count355
\c@maxitems=\count356
\c@minitems=\count357
\c@citecounter=\count358
\c@maxcitecounter=\count359
\c@savedcitecounter=\count360
\c@uniquelist=\count361
\c@uniquename=\count362
\c@refsection=\count363
\c@refsegment=\count364
\c@maxextratitle=\count365
\c@maxextratitleyear=\count366
\c@maxextraname=\count367
\c@maxextradate=\count368
\c@maxextraalpha=\count369
\c@abbrvpenalty=\count370
\c@highnamepenalty=\count371
\c@lownamepenalty=\count372
\c@maxparens=\count373
\c@parenlevel=\count374
\blx@tempcnta=\count375
\blx@tempcntb=\count376
\blx@tempcntc=\count377
\c@blx@maxsection=\count378
\blx@maxsegment@0=\count379
\blx@notetype=\count380
\blx@parenlevel@text=\count381
\blx@parenlevel@foot=\count382
\blx@sectionciteorder@0=\count383
\blx@sectionciteorderinternal@0=\count384
\blx@entrysetcounter=\count385
\blx@biblioinstance=\count386
\labelnumberwidth=\skip132
\labelalphawidth=\skip133
\biblabelsep=\skip134
\bibitemsep=\skip135
\bibnamesep=\skip136
\bibinitsep=\skip137
\bibparsep=\skip138
\bibhang=\skip139
\blx@bcfin=\read4
\blx@bcfout=\write4
\blx@langwohyphens=\language80
\c@mincomprange=\count387
\c@maxcomprange=\count388
\c@mincompwidth=\count389
Package biblatex Info: Trying to load biblatex default data model...
Package biblatex Info: ... file 'blx-dm.def' found.
 (C:\Users\LiFtD.DESKTOP-NJPM2BG\AppData\Local\Programs\MiKTeX\tex/latex/biblatex\blx-dm.def
File: blx-dm.def 2023/03/05 v3.19 biblatex localization (PK/MW)
)
Package biblatex Info: Trying to load biblatex style data model...
Package biblatex Info: ... file 'apa.dbx' found.
 (C:\Users\LiFtD.DESKTOP-NJPM2BG\AppData\Local\Programs\MiKTeX\tex/latex/biblatex-apa\apa.dbx
File: apa.dbx 2023/03/20 v9.17 APA biblatex style data model
)
Package biblatex Info: Trying to load biblatex custom data model...
Package biblatex Info: ... file 'biblatex-dm.cfg' not found.
\c@afterword=\count390
\c@savedafterword=\count391
\c@annotator=\count392
\c@savedannotator=\count393
\c@author=\count394
\c@savedauthor=\count395
\c@bookauthor=\count396
\c@savedbookauthor=\count397
\c@commentator=\count398
\c@savedcommentator=\count399
\c@editor=\count400
\c@savededitor=\count401
\c@editora=\count402
\c@savededitora=\count403
\c@editorb=\count404
\c@savededitorb=\count405
\c@editorc=\count406
\c@savededitorc=\count407
\c@foreword=\count408
\c@savedforeword=\count409
\c@holder=\count410
\c@savedholder=\count411
\c@introduction=\count412
\c@savedintroduction=\count413
\c@namea=\count414
\c@savednamea=\count415
\c@nameb=\count416
\c@savednameb=\count417
\c@namec=\count418
\c@savednamec=\count419
\c@translator=\count420
\c@savedtranslator=\count421
\c@shortauthor=\count422
\c@savedshortauthor=\count423
\c@shorteditor=\count424
\c@savedshorteditor=\count425
\c@narrator=\count426
\c@savednarrator=\count427
\c@execproducer=\count428
\c@savedexecproducer=\count429
\c@execdirector=\count430
\c@savedexecdirector=\count431
\c@with=\count432
\c@savedwith=\count433
\c@labelname=\count434
\c@savedlabelname=\count435
\c@institution=\count436
\c@savedinstitution=\count437
\c@lista=\count438
\c@savedlista=\count439
\c@listb=\count440
\c@savedlistb=\count441
\c@listc=\count442
\c@savedlistc=\count443
\c@listd=\count444
\c@savedlistd=\count445
\c@liste=\count446
\c@savedliste=\count447
\c@listf=\count448
\c@savedlistf=\count449
\c@location=\count450
\c@savedlocation=\count451
\c@organization=\count452
\c@savedorganization=\count453
\c@origlocation=\count454
\c@savedoriglocation=\count455
\c@origpublisher=\count456
\c@savedorigpublisher=\count457
\c@publisher=\count458
\c@savedpublisher=\count459
\c@language=\count460
\c@savedlanguage=\count461
\c@origlanguage=\count462
\c@savedoriglanguage=\count463
\c@citation=\count464
\c@savedcitation=\count465
\c@pageref=\count466
\c@savedpageref=\count467
\shorthandwidth=\skip140
\shortjournalwidth=\skip141
\shortserieswidth=\skip142
\shorttitlewidth=\skip143
\shortauthorwidth=\skip144
\shorteditorwidth=\skip145
\locallabelnumberwidth=\skip146
\locallabelalphawidth=\skip147
\localshorthandwidth=\skip148
\localshortjournalwidth=\skip149
\localshortserieswidth=\skip150
\localshorttitlewidth=\skip151
\localshortauthorwidth=\skip152
\localshorteditorwidth=\skip153
Package biblatex Info: Trying to load compatibility code...
Package biblatex Info: ... file 'blx-compat.def' found.
 (C:\Users\LiFtD.DESKTOP-NJPM2BG\AppData\Local\Programs\MiKTeX\tex/latex/biblatex\blx-compat.def
File: blx-compat.def 2023/03/05 v3.19 biblatex compatibility (PK/MW)
)
Package biblatex Info: Trying to load generic definitions...
Package biblatex Info: ... file 'biblatex.def' found.
 (C:\Users\LiFtD.DESKTOP-NJPM2BG\AppData\Local\Programs\MiKTeX\tex/latex/biblatex\biblatex.def
File: biblatex.def 2023/03/05 v3.19 biblatex compatibility (PK/MW)
\c@textcitecount=\count468
\c@textcitetotal=\count469
\c@textcitemaxnames=\count470
\c@biburlbigbreakpenalty=\count471
\c@biburlbreakpenalty=\count472
\c@biburlnumpenalty=\count473
\c@biburlucpenalty=\count474
\c@biburllcpenalty=\count475
\biburlbigskip=\muskip18
\biburlnumskip=\muskip19
\biburlucskip=\muskip20
\biburllcskip=\muskip21
\c@smartand=\count476
)
Package biblatex Info: Trying to load bibliography style 'apa'...
Package biblatex Info: ... file 'apa.bbx' found.
 (C:\Users\LiFtD.DESKTOP-NJPM2BG\AppData\Local\Programs\MiKTeX\tex/latex/biblatex-apa\apa.bbx
File: apa.bbx 2023/03/20 v9.17 APA biblatex references style
Package biblatex Info: Trying to load bibliography style 'standard'...
Package biblatex Info: ... file 'standard.bbx' found.
 (C:\Users\LiFtD.DESKTOP-NJPM2BG\AppData\Local\Programs\MiKTeX\tex/latex/biblatex/bbx\standard.bbx
File: standard.bbx 2023/03/05 v3.19 biblatex bibliography style (PK/MW)
\c@bbx:relatedcount=\count477
\c@bbx:relatedtotal=\count478
)
Package biblatex Info: Delimiter 'nameyeardelim' in context 'bib' already defined, overwriting.
Package biblatex Info: Delimiter 'nameyeardelim' in context 'biblist' already defined, overwriting.
Package biblatex Info: Delimiter 'nonameyeardelim' in context 'bib' already defined, overwriting.
Package biblatex Info: Delimiter 'nonameyeardelim' in context 'biblist' already defined, overwriting.
)
Package biblatex Info: Trying to load citation style 'apa'...
Package biblatex Info: ... file 'apa.cbx' found.
 (C:\Users\LiFtD.DESKTOP-NJPM2BG\AppData\Local\Programs\MiKTeX\tex/latex/biblatex-apa\apa.cbx
File: apa.cbx 2023/03/20 v9.17 APA biblatex citation style
Package biblatex Info: Delimiter 'nameyeardelim' in context '' already defined, overwriting.
Package biblatex Info: Delimiter 'andothersdelim' in context '' already defined, overwriting.
Package biblatex Info: Redefining '\fullcite'.
Package biblatex Info: Redefining '\citeauthor'.
Package biblatex Info: Redefining '\citeyear'.
Package biblatex Info: Redefining '\cite'.
Package biblatex Info: Redefining '\cites'.
Package biblatex Info: Redefining '\parencite'.
Package biblatex Info: Redefining '\parencites'.
Package biblatex Info: Redefining '\footcite'.
Package biblatex Info: Redefining '\footcites'.
Package biblatex Info: Redefining '\footcitetext'.
Package biblatex Info: Redefining '\footcitetexts'.
Package biblatex Info: Redefining '\smartcite'.
Package biblatex Info: Redefining '\smartcites'.
Package biblatex Info: Redefining '\textcite'.
Package biblatex Info: Redefining '\textcites'.
)
Package biblatex Info: Trying to load configuration file...
Package biblatex Info: ... file 'biblatex.cfg' found.
 (C:\Users\LiFtD.DESKTOP-NJPM2BG\AppData\Local\Programs\MiKTeX\tex/latex/biblatex\biblatex.cfg
File: biblatex.cfg 
)
Package biblatex Info: Input encoding 'utf8' detected.
Package biblatex Info: Document encoding is UTF8 ....
Package biblatex Info: ... and expl3
(biblatex)             2023-05-15 L3 programming layer (loader) 
(biblatex)             is new enough (at least 2020/04/06),
(biblatex)             setting 'casechanger=expl3'.
 (C:\Users\LiFtD.DESKTOP-NJPM2BG\AppData\Local\Programs\MiKTeX\tex/latex/biblatex\blx-case-expl3.sty (C:\Users\LiFtD.DESKTOP-NJPM2BG\AppData\Local\Programs\MiKTeX\tex/latex/l3packages/xparse\xparse.sty
Package: xparse 2023-02-02 L3 Experimental document command parser
)
Package: blx-case-expl3 2023/03/05 v3.19 expl3 case changing code for biblatex
))
Package hyperref Info: Option `colorlinks' set `true' on input line 17.
 (C:\Users\LiFtD.DESKTOP-NJPM2BG\AppData\Local\Programs\MiKTeX\tex/latex/caption\subcaption.sty
Package: subcaption 2023/02/19 v1.6 Sub-captions (AR)
Package caption Info: New subtype `subfigure' on input line 239.
\c@subfigure=\count479
Package caption Info: New subtype `subtable' on input line 239.
\c@subtable=\count480
) (C:\Users\LiFtD.DESKTOP-NJPM2BG\AppData\Local\Programs\MiKTeX\tex/latex/psnfss\mathptmx.sty
Package: mathptmx 2020/03/25 PSNFSS-v9.3 Times w/ Math, improved (SPQR, WaS) 
LaTeX Font Info:    Redeclaring symbol font `operators' on input line 28.
LaTeX Font Info:    Overwriting symbol font `operators' in version `normal'
(Font)                  OT1/lmr/m/n --> OT1/ztmcm/m/n on input line 28.
LaTeX Font Info:    Overwriting symbol font `operators' in version `bold'
(Font)                  OT1/lmr/bx/n --> OT1/ztmcm/m/n on input line 28.
LaTeX Font Info:    Redeclaring symbol font `letters' on input line 29.
LaTeX Font Info:    Overwriting symbol font `letters' in version `normal'
(Font)                  OML/lmm/m/it --> OML/ztmcm/m/it on input line 29.
LaTeX Font Info:    Overwriting symbol font `letters' in version `bold'
(Font)                  OML/lmm/b/it --> OML/ztmcm/m/it on input line 29.
LaTeX Font Info:    Redeclaring symbol font `symbols' on input line 30.
LaTeX Font Info:    Overwriting symbol font `symbols' in version `normal'
(Font)                  OMS/lmsy/m/n --> OMS/ztmcm/m/n on input line 30.
LaTeX Font Info:    Overwriting symbol font `symbols' in version `bold'
(Font)                  OMS/lmsy/b/n --> OMS/ztmcm/m/n on input line 30.
LaTeX Font Info:    Redeclaring symbol font `largesymbols' on input line 31.
LaTeX Font Info:    Overwriting symbol font `largesymbols' in version `normal'
(Font)                  OMX/lmex/m/n --> OMX/ztmcm/m/n on input line 31.
LaTeX Font Info:    Overwriting symbol font `largesymbols' in version `bold'
(Font)                  OMX/lmex/m/n --> OMX/ztmcm/m/n on input line 31.
\symbold=\mathgroup7
\symitalic=\mathgroup8
LaTeX Font Info:    Redeclaring math alphabet \mathbf on input line 34.
LaTeX Font Info:    Redeclaring math alphabet \mathit on input line 35.
LaTeX Font Info:    Overwriting math alphabet `\mathit' in version `normal'
(Font)                  OT1/lmr/m/it --> OT1/ptm/m/it on input line 35.
LaTeX Font Info:    Overwriting math alphabet `\mathit' in version `bold'
(Font)                  OT1/lmr/bx/it --> OT1/ptm/m/it on input line 35.
LaTeX Info: Redefining \hbar on input line 50.
)
LaTeX Font Info:    Trying to load font information for T1+ptm on input line 67.
 (C:\Users\LiFtD.DESKTOP-NJPM2BG\AppData\Local\Programs\MiKTeX\tex/latex/psnfss\t1ptm.fd
File: t1ptm.fd 2001/06/04 font definitions for T1/ptm.
)
LaTeX Font Info:    Font shape `T1/ptm/bx/n' in size <12> not available
(Font)              Font shape `T1/ptm/b/n' tried instead on input line 67.
)
Package csquotes Info: Checking for multilingual support...
Package csquotes Info: ... found 'babel' package.
Package csquotes Info: Adjusting default style.
Package csquotes Info: Redefining alias 'default' -> 'american'.
 (main.aux (01_Titlepage/titlepage.aux) (02_Epigraph/epigraph.aux) (03_Dedication/dedication.aux) (04_Acknowledgments/acknowledgments.aux) (05_Summary/summary.aux) (06_Abstract/abstract.aux) (10_Chapter_I/chapter_I.aux) (11_Chapter_II/chapter_II.aux) (12_Chapter_III/chapter_III.aux) (13_Chapter_IV/chapter_IV.aux) (14_Chapter_V/chapter_V.aux) (15_Chapter_VI/chapter_VI.aux) (16_Chapter_VII/chapter_VII.aux) (17_Chapter_VIII/chapter_VIII.aux) (20_Bibliography/bibliography.aux) (21_Appendix/appendix.aux))
\openout1 = `main.aux'.

LaTeX Font Info:    Checking defaults for OML/cmm/m/it on input line 5.
LaTeX Font Info:    ... okay on input line 5.
LaTeX Font Info:    Checking defaults for OMS/cmsy/m/n on input line 5.
LaTeX Font Info:    ... okay on input line 5.
LaTeX Font Info:    Checking defaults for OT1/cmr/m/n on input line 5.
LaTeX Font Info:    ... okay on input line 5.
LaTeX Font Info:    Checking defaults for T1/cmr/m/n on input line 5.
LaTeX Font Info:    ... okay on input line 5.
LaTeX Font Info:    Checking defaults for TS1/cmr/m/n on input line 5.
LaTeX Font Info:    ... okay on input line 5.
LaTeX Font Info:    Checking defaults for OMX/cmex/m/n on input line 5.
LaTeX Font Info:    ... okay on input line 5.
LaTeX Font Info:    Checking defaults for U/cmr/m/n on input line 5.
LaTeX Font Info:    ... okay on input line 5.
LaTeX Font Info:    Checking defaults for PD1/pdf/m/n on input line 5.
LaTeX Font Info:    ... okay on input line 5.
LaTeX Font Info:    Checking defaults for PU/pdf/m/n on input line 5.
LaTeX Font Info:    ... okay on input line 5.
 (C:\Users\LiFtD.DESKTOP-NJPM2BG\AppData\Local\Programs\MiKTeX\tex/context/base/mkii\supp-pdf.mkii
[Loading MPS to PDF converter (version 2006.09.02).]
\scratchcounter=\count481
\scratchdimen=\dimen298
\scratchbox=\box67
\nofMPsegments=\count482
\nofMParguments=\count483
\everyMPshowfont=\toks38
\MPscratchCnt=\count484
\MPscratchDim=\dimen299
\MPnumerator=\count485
\makeMPintoPDFobject=\count486
\everyMPtoPDFconversion=\toks39
) (C:\Users\LiFtD.DESKTOP-NJPM2BG\AppData\Local\Programs\MiKTeX\tex/latex/epstopdf-pkg\epstopdf-base.sty
Package: epstopdf-base 2020-01-24 v2.11 Base part for package epstopdf
Package epstopdf-base Info: Redefining graphics rule for `.eps' on input line 485.
 (C:\Users\LiFtD.DESKTOP-NJPM2BG\AppData\Local\Programs\MiKTeX\tex/latex/00miktex\epstopdf-sys.cfg
File: epstopdf-sys.cfg 2021/03/18 v2.0 Configuration of epstopdf for MiKTeX
))
*geometry* driver: auto-detecting
*geometry* detected driver: pdftex
*geometry* verbose mode - [ preamble ] result:
* driver: pdftex
* paper: a4paper
* layout: <same size as paper>
* layoutoffset:(h,v)=(0.0pt,0.0pt)
* modes: 
* h-part:(L,W,R)=(72.2698pt, 452.96826pt, 72.2698pt)
* v-part:(T,H,B)=(72.2698pt, 700.50723pt, 72.2698pt)
* \paperwidth=597.50787pt
* \paperheight=845.04684pt
* \textwidth=452.96826pt
* \textheight=700.50723pt
* \oddsidemargin=-0.00018pt
* \evensidemargin=-0.00018pt
* \topmargin=-40.20018pt
* \headheight=15.2pt
* \headsep=25.0pt
* \topskip=12.0pt
* \footskip=30.0pt
* \marginparwidth=44.0pt
* \marginparsep=10.0pt
* \columnsep=10.0pt
* \skip\footins=10.8pt plus 4.0pt minus 2.0pt
* \hoffset=0.0pt
* \voffset=0.0pt
* \mag=1000
* \@twocolumnfalse
* \@twosidefalse
* \@mparswitchfalse
* \@reversemarginfalse
* (1in=72.27pt=25.4mm, 1cm=28.453pt)

Package hyperref Info: Link coloring ON on input line 5.
(main.out) (main.out)
\@outlinefile=\write5
\openout5 = `main.out'.

 (C:\Users\LiFtD.DESKTOP-NJPM2BG\AppData\Local\Programs\MiKTeX\tex/latex/apa7/config\APA7american.txt
File: APA7american.txt 2020/12/02 v1.02 apa7 configuration for American English
)
Package caption Info: Begin \AtBeginDocument code.
Package caption Info: changepage package is loaded.
\caption@adjustwidth@hsize=\dimen300
\caption@adjustwidth@linewidth=\dimen301
Package caption Info: End \AtBeginDocument code.
Package biblatex Info: Trying to load language 'american' -> 'american-apa'...
Package biblatex Info: ... file 'american-apa.lbx' found.
 (C:\Users\LiFtD.DESKTOP-NJPM2BG\AppData\Local\Programs\MiKTeX\tex/latex/biblatex-apa\american-apa.lbx
File: american-apa.lbx 2023/03/20 v9.17 APA biblatex localisation
Package biblatex Info: Trying to load language 'american'...
Package biblatex Info: ... file 'american.lbx' found.
 (C:\Users\LiFtD.DESKTOP-NJPM2BG\AppData\Local\Programs\MiKTeX\tex/latex/biblatex/lbx\american.lbx
File: american.lbx 2023/03/05 v3.19 biblatex localization (PK/MW)
Package biblatex Info: Trying to load language 'english' -> 'english-apa'...
Package biblatex Info: ... file 'english-apa.lbx' found.
 (C:\Users\LiFtD.DESKTOP-NJPM2BG\AppData\Local\Programs\MiKTeX\tex/latex/biblatex-apa\english-apa.lbx
File: english-apa.lbx 2023/03/20 v9.17 APA biblatex localisation
Package biblatex Info: Trying to load language 'english'...
Package biblatex Info: ... file 'english.lbx' found.
 (C:\Users\LiFtD.DESKTOP-NJPM2BG\AppData\Local\Programs\MiKTeX\tex/latex/biblatex/lbx\english.lbx
File: english.lbx 2023/03/05 v3.19 biblatex localization (PK/MW)
)))
Package biblatex Info: Trying to load language 'american'...
Package biblatex Info: ... file 'american.lbx' found.
 (C:\Users\LiFtD.DESKTOP-NJPM2BG\AppData\Local\Programs\MiKTeX\tex/latex/biblatex/lbx\american.lbx
File: american.lbx 2023/03/05 v3.19 biblatex localization (PK/MW)
Package biblatex Info: Trying to load language 'english' -> 'english-apa'...
Package biblatex Info: ... file 'english-apa.lbx' found.
 (C:\Users\LiFtD.DESKTOP-NJPM2BG\AppData\Local\Programs\MiKTeX\tex/latex/biblatex-apa\english-apa.lbx
File: english-apa.lbx 2023/03/20 v9.17 APA biblatex localisation
Package biblatex Info: Trying to load language 'american'...
Package biblatex Info: ... file 'american.lbx' found.
 (C:\Users\LiFtD.DESKTOP-NJPM2BG\AppData\Local\Programs\MiKTeX\tex/latex/biblatex/lbx\american.lbx
File: american.lbx 2023/03/05 v3.19 biblatex localization (PK/MW)
Package biblatex Info: Trying to load language 'english'...
Package biblatex Info: ... file 'english.lbx' found.
 (C:\Users\LiFtD.DESKTOP-NJPM2BG\AppData\Local\Programs\MiKTeX\tex/latex/biblatex/lbx\english.lbx
File: english.lbx 2023/03/05 v3.19 biblatex localization (PK/MW)
)))))
Package biblatex Info: Input encoding 'utf8' detected.
Package biblatex Info: Automatic encoding selection.
(biblatex)             Assuming data encoding 'utf8'.
\openout4 = `main.bcf'.

Package biblatex Info: Trying to load bibliographic data...
Package biblatex Info: ... file 'main.bbl' found.
 (main.bbl)
Package biblatex Info: Reference section=0 on input line 5.
Package biblatex Info: Reference segment=0 on input line 5.
\openout2 = `01_Titlepage/titlepage.aux'.

 (01_Titlepage/titlepage.tex
<F_Figures/01_Titlepage/USIL_LOGO.pdf, id=186, 218.8175pt x 301.125pt>
File: F_Figures/01_Titlepage/USIL_LOGO.pdf Graphic file (type pdf)
<use F_Figures/01_Titlepage/USIL_LOGO.pdf>
Package pdftex.def Info: F_Figures/01_Titlepage/USIL_LOGO.pdf  used on input line 2.
(pdftex.def)             Requested size: 109.40848pt x 150.56212pt.
 [1{C:/Users/LiFtD.DESKTOP-NJPM2BG/AppData/Local/MiKTeX/fonts/map/pdftex/pdftex.map}{C:/Users/LiFtD.DESKTOP-NJPM2BG/AppData/Local/Programs/MiKTeX/fonts/enc/dvips/base/8r.enc}


 <./F_Figures/01_Titlepage/USIL_LOGO.pdf>])
\openout2 = `02_Epigraph/epigraph.aux'.

 (02_Epigraph/epigraph.tex
pdfTeX warning (ext4): destination with the same identifier (name{page.1}) has been already used, duplicate ignored
<to be read again> 
                   \relax 
l.3 \end{epigraph}
                   [1




]) (main.toc
LaTeX Font Info:    Trying to load font information for OT1+ztmcm on input line 3.
 (C:\Users\LiFtD.DESKTOP-NJPM2BG\AppData\Local\Programs\MiKTeX\tex/latex/psnfss\ot1ztmcm.fd
File: ot1ztmcm.fd 2000/01/03 Fontinst v1.801 font definitions for OT1/ztmcm.
)
LaTeX Font Info:    Trying to load font information for OML+ztmcm on input line 3.
 (C:\Users\LiFtD.DESKTOP-NJPM2BG\AppData\Local\Programs\MiKTeX\tex/latex/psnfss\omlztmcm.fd
File: omlztmcm.fd 2000/01/03 Fontinst v1.801 font definitions for OML/ztmcm.
)
LaTeX Font Info:    Trying to load font information for OMS+ztmcm on input line 3.
 (C:\Users\LiFtD.DESKTOP-NJPM2BG\AppData\Local\Programs\MiKTeX\tex/latex/psnfss\omsztmcm.fd
File: omsztmcm.fd 2000/01/03 Fontinst v1.801 font definitions for OMS/ztmcm.
)
LaTeX Font Info:    Trying to load font information for OMX+ztmcm on input line 3.
 (C:\Users\LiFtD.DESKTOP-NJPM2BG\AppData\Local\Programs\MiKTeX\tex/latex/psnfss\omxztmcm.fd
File: omxztmcm.fd 2000/01/03 Fontinst v1.801 font definitions for OMX/ztmcm.
)
LaTeX Font Info:    Trying to load font information for OT1+lmr on input line 3.
 (C:\Users\LiFtD.DESKTOP-NJPM2BG\AppData\Local\Programs\MiKTeX\tex/latex/lm\ot1lmr.fd
File: ot1lmr.fd 2015/05/01 v1.6.1 Font defs for Latin Modern
)
LaTeX Font Info:    Trying to load font information for OML+lmm on input line 3.
 (C:\Users\LiFtD.DESKTOP-NJPM2BG\AppData\Local\Programs\MiKTeX\tex/latex/lm\omllmm.fd
File: omllmm.fd 2015/05/01 v1.6.1 Font defs for Latin Modern
)
LaTeX Font Info:    Trying to load font information for OMS+lmsy on input line 3.
 (C:\Users\LiFtD.DESKTOP-NJPM2BG\AppData\Local\Programs\MiKTeX\tex/latex/lm\omslmsy.fd
File: omslmsy.fd 2015/05/01 v1.6.1 Font defs for Latin Modern
)
LaTeX Font Info:    Trying to load font information for OT1+ptm on input line 3.
 (C:\Users\LiFtD.DESKTOP-NJPM2BG\AppData\Local\Programs\MiKTeX\tex/latex/psnfss\ot1ptm.fd
File: ot1ptm.fd 2001/06/04 font definitions for OT1/ptm.
)
LaTeX Font Info:    Font shape `OT1/ptm/bx/n' in size <12> not available
(Font)              Font shape `OT1/ptm/b/n' tried instead on input line 3.
LaTeX Font Info:    Font shape `OT1/ptm/bx/n' in size <9> not available
(Font)              Font shape `OT1/ptm/b/n' tried instead on input line 3.
LaTeX Font Info:    Font shape `OT1/ptm/bx/n' in size <7> not available
(Font)              Font shape `OT1/ptm/b/n' tried instead on input line 3.
 [1



])
\tf@toc=\write6
\openout6 = `main.toc'.

 [2] (main.lot)
\tf@lot=\write7
\openout7 = `main.lot'.

 [3] (main.lof)
\tf@lof=\write8
\openout8 = `main.lof'.

 [4] (main.abb)
\tf@abb=\write9
\openout9 = `main.abb'.

 [5] (main.symb)
\tf@symb=\write10
\openout10 = `main.symb'.

 [6] (main.equ)
\tf@equ=\write11
\openout11 = `main.equ'.

 [7]
\openout2 = `03_Dedication/dedication.aux'.

 (03_Dedication/dedication.tex [8


])
\openout2 = `04_Acknowledgments/acknowledgments.aux'.

 (04_Acknowledgments/acknowledgments.tex [9





])
\openout2 = `05_Summary/summary.aux'.

 (05_Summary/summary.tex [10





])
\openout2 = `06_Abstract/abstract.aux'.

 (06_Abstract/abstract.tex [11




])
\openout2 = `10_Chapter_I/chapter_I.aux'.

 (10_Chapter_I/chapter_I.tex)
pdfTeX warning (ext4): destination with the same identifier (name{page.1}) has been already used, duplicate ignored
<to be read again> 
                   \relax 
l.53 \include{10_Chapter_I/chapter_I}
                                      [1




]
\openout2 = `11_Chapter_II/chapter_II.aux'.

 (11_Chapter_II/chapter_II.tex (11_Chapter_II/Sections/Section_2.1.tex) (11_Chapter_II/Sections/Section_2.2.tex
<F_Figures/12_Chapter III/Cap3_Imagen20.png, id=328, 783.67781pt x 383.93437pt>
File: F_Figures/12_Chapter III/Cap3_Imagen20.png Graphic file (type png)
<use F_Figures/12_Chapter III/Cap3_Imagen20.png>
Package pdftex.def Info: F_Figures/12_Chapter III/Cap3_Imagen20.png  used on input line 8.
(pdftex.def)             Requested size: 282.1238pt x 138.21626pt.
) (11_Chapter_II/Sections/Section_2.3.tex) (11_Chapter_II/Sections/Section_2.4.tex [2



 <./F_Figures/12_Chapter III/Cap3_Imagen20.png>]
<F_Figures/11_Chapter II/Cap2_Imagen2a.png, id=341, 551.81157pt x 599.99156pt>
File: F_Figures/11_Chapter II/Cap2_Imagen2a.png Graphic file (type png)
<use F_Figures/11_Chapter II/Cap2_Imagen2a.png>
Package pdftex.def Info: F_Figures/11_Chapter II/Cap2_Imagen2a.png  used on input line 20.
(pdftex.def)             Requested size: 154.50618pt x 167.99649pt.
<F_Figures/11_Chapter II/Cap2_Imagen2b.png, id=342, 842.39719pt x 622.57594pt>
File: F_Figures/11_Chapter II/Cap2_Imagen2b.png Graphic file (type png)
<use F_Figures/11_Chapter II/Cap2_Imagen2b.png>
Package pdftex.def Info: F_Figures/11_Chapter II/Cap2_Imagen2b.png  used on input line 27.
(pdftex.def)             Requested size: 235.8696pt x 174.32007pt.
 [3] [4 <./F_Figures/11_Chapter II/Cap2_Imagen2a.png> <./F_Figures/11_Chapter II/Cap2_Imagen2b.png>])) [5]
\openout2 = `12_Chapter_III/chapter_III.aux'.

 (12_Chapter_III/chapter_III.tex (12_Chapter_III/Sections/Section_3.1.tex) (12_Chapter_III/Sections/Section_3.2.tex) (12_Chapter_III/Sections/Section_3.3.tex [6



]
<F_Figures/11_Chapter II/Cap2_Imagen3c.png, id=370, 395.22656pt x 301.125pt>
File: F_Figures/11_Chapter II/Cap2_Imagen3c.png Graphic file (type png)
<use F_Figures/11_Chapter II/Cap2_Imagen3c.png>
Package pdftex.def Info: F_Figures/11_Chapter II/Cap2_Imagen3c.png  used on input line 22.
(pdftex.def)             Requested size: 197.6128pt x 150.56212pt.
)) [7 <./F_Figures/11_Chapter II/Cap2_Imagen3c.png>]
\openout2 = `13_Chapter_IV/chapter_IV.aux'.

 (13_Chapter_IV/chapter_IV.tex (13_Chapter_IV/Sections/Section_4.1.tex) (13_Chapter_IV/Sections/Section_4.2.tex) (13_Chapter_IV/Sections/Section_4.3.tex) (13_Chapter_IV/Sections/Section_4.4.tex) [8



] (13_Chapter_IV/Sections/Section_4.5.tex
<F_Figures/15_Chapter VI/Cap6_Imagen1.jpeg, id=382, 963.6pt x 721.94719pt>
File: F_Figures/15_Chapter VI/Cap6_Imagen1.jpeg Graphic file (type jpg)
<use F_Figures/15_Chapter VI/Cap6_Imagen1.jpeg>
Package pdftex.def Info: F_Figures/15_Chapter VI/Cap6_Imagen1.jpeg  used on input line 10.
(pdftex.def)             Requested size: 346.89574pt x 259.90079pt.
 [9])) [10 <./F_Figures/15_Chapter VI/Cap6_Imagen1.jpeg>]
\openout2 = `14_Chapter_V/chapter_V.aux'.

 (14_Chapter_V/chapter_V.tex (14_Chapter_V/Sections/Section_5.1.tex) (14_Chapter_V/Sections/Section_5.2.tex) (14_Chapter_V/Sections/Section_5.3.tex) (14_Chapter_V/Sections/Section_5.4.tex) [11



] (14_Chapter_V/Sections/Section_5.5.tex) (14_Chapter_V/Sections/Section_5.6.tex) (14_Chapter_V/Sections/Section_5.7.tex)) [12]
\openout2 = `15_Chapter_VI/chapter_VI.aux'.

 (15_Chapter_VI/chapter_VI.tex (15_Chapter_VI/Sections/Section_6.1.tex) (15_Chapter_VI/Sections/Section_6.2.tex) (15_Chapter_VI/Sections/Section_6.3.tex) (15_Chapter_VI/Sections/Section_6.4.tex) [13



] (15_Chapter_VI/Sections/Section_6.5.tex) (15_Chapter_VI/Sections/Section_6.6.tex) (15_Chapter_VI/Sections/Section_6.7.tex)) [14]
\openout2 = `16_Chapter_VII/chapter_VII.aux'.

 (16_Chapter_VII/chapter_VII.tex (16_Chapter_VII/Sections/Section_7.1.tex
LaTeX Font Info:    Trying to load font information for TS1+ptm on input line 5.
 (C:\Users\LiFtD.DESKTOP-NJPM2BG\AppData\Local\Programs\MiKTeX\tex/latex/psnfss\ts1ptm.fd
File: ts1ptm.fd 2001/06/04 font definitions for TS1/ptm.
) [15



]) (16_Chapter_VII/Sections/Section_7.2.tex [16])) [17]
\openout2 = `17_Chapter_VIII/chapter_VIII.aux'.

 (17_Chapter_VIII/chapter_VIII.tex (17_Chapter_VIII/Sections/Section_8.1.tex [18



]) (17_Chapter_VIII/Sections/Section_8.2.tex [19])) [20]
\openout2 = `20_Bibliography/bibliography.aux'.

 (20_Bibliography/bibliography.tex) [21





]
\openout2 = `21_Appendix/appendix.aux'.

 (21_Appendix/appendix.tex (21_Appendix/Sections/Section_A.tex
File: F_Figures/11_Chapter II/Cap2_Imagen3c.png Graphic file (type png)
<use F_Figures/11_Chapter II/Cap2_Imagen3c.png>
Package pdftex.def Info: F_Figures/11_Chapter II/Cap2_Imagen3c.png  used on input line 9.
(pdftex.def)             Requested size: 276.6567pt x 210.78606pt.
) (21_Appendix/Sections/Section_B.tex [22



]
LaTeX Font Info:    Font shape `OT1/ptm/bx/n' in size <10.95> not available
(Font)              Font shape `OT1/ptm/b/n' tried instead on input line 29.
LaTeX Font Info:    Font shape `OT1/ptm/bx/n' in size <8> not available
(Font)              Font shape `OT1/ptm/b/n' tried instead on input line 29.
LaTeX Font Info:    Font shape `OT1/ptm/bx/n' in size <6> not available
(Font)              Font shape `OT1/ptm/b/n' tried instead on input line 29.
)) [23] (main.aux (01_Titlepage/titlepage.aux) (02_Epigraph/epigraph.aux) (03_Dedication/dedication.aux) (04_Acknowledgments/acknowledgments.aux) (05_Summary/summary.aux) (06_Abstract/abstract.aux) (10_Chapter_I/chapter_I.aux) (11_Chapter_II/chapter_II.aux) (12_Chapter_III/chapter_III.aux) (13_Chapter_IV/chapter_IV.aux) (14_Chapter_V/chapter_V.aux) (15_Chapter_VI/chapter_VI.aux) (16_Chapter_VII/chapter_VII.aux) (17_Chapter_VIII/chapter_VIII.aux) (20_Bibliography/bibliography.aux) (21_Appendix/appendix.aux))
Package rerunfilecheck Info: File `main.out' has not changed.
(rerunfilecheck)             Checksum: 576013121E71CDB4816E6F8841744997;7836.
Package logreq Info: Writing requests to 'main.run.xml'.
\openout1 = `main.run.xml'.

 ) 
Here is how much of TeX's memory you used:
 35141 strings out of 476410
 706573 string characters out of 5781561
 1866845 words of memory out of 5000000
 54520 multiletter control sequences out of 15000+600000
 596423 words of font info for 127 fonts, out of 8000000 for 9000
 1141 hyphenation exceptions out of 8191
 99i,15n,103p,723b,5231s stack positions out of 10000i,1000n,20000p,200000b,200000s
<C:/Users/LiFtD.DESKTOP-NJPM2BG/AppData/Local/Programs/MiKTeX/fonts/type1/public/amsfonts/cm/cmr10.pfb><C:/Users/LiFtD.DESKTOP-NJPM2BG/AppData/Local/Programs/MiKTeX/fonts/type1/public/amsfonts/cm/cmsy10.pfb><C:/Users/LiFtD.DESKTOP-NJPM2BG/AppData/Local/Programs/MiKTeX/fonts/type1/urw/symbol/usyr.pfb><C:/Users/LiFtD.DESKTOP-NJPM2BG/AppData/Local/Programs/MiKTeX/fonts/type1/urw/symbol/usyr.pfb><C:/Users/LiFtD.DESKTOP-NJPM2BG/AppData/Local/Programs/MiKTeX/fonts/type1/urw/times/utmb8a.pfb><C:/Users/LiFtD.DESKTOP-NJPM2BG/AppData/Local/Programs/MiKTeX/fonts/type1/urw/times/utmbi8a.pfb><C:/Users/LiFtD.DESKTOP-NJPM2BG/AppData/Local/Programs/MiKTeX/fonts/type1/urw/times/utmr8a.pfb><C:/Users/LiFtD.DESKTOP-NJPM2BG/AppData/Local/Programs/MiKTeX/fonts/type1/urw/times/utmri8a.pfb>
Output written on main.pdf (36 pages, 2671310 bytes).
PDF statistics:
 515 PDF objects out of 1000 (max. 8388607)
 105 named destinations out of 1000 (max. 500000)
 403 words of extra memory for PDF output out of 10000 (max. 10000000)

